[   0.00000 Initializing cgroup subsys cpust
[    0.000000] Initializing cgroup subsys cpu
[    0.000000] Initializing cgroup subsys cpuacct
[    0.000000] Lnu vrson 44.0-15-geerc (bldd@lgw01-amd603) gcc versio5.0 20160609 (Ubutu 5.4.0-6ubuntu160410) ) #185-Ubuntu SMP Tue Jul 23 09:17:01 UTC 2019 (Ubuntu 4.4.0-157.1-gneric 4.4.181)
[   0.000] mmnd lie:BOT_MAE=/bt/vmliz-.4.057geric root=UUID=ed2adb99-9e34e5-5f9-397a22e0db  console=tty1 consolety0[    0.000000] KERNEL supported cpus:
[    0.0000]   Intel GenuineIntel
[    0.00000]   AMD AuthenticAMD
[    0.000000]   Centaur CentaurHauls
[    0.000000] x86/fpu: xstate_offset[2]:  576, xstate_sizes[2]:  256
[    0.000000] x86/fpu: Supporting XSAVE feature 0x01: 'x87 floating point regissters'
[    0.000000] x86/fpu: Supporting XSAVE feature 0x02: 'SSE registers'
[    0.000000] x86/fpu: Supporting XSAVE feature 0x04: 'AVX registers'
[    0.000000] x86/fpu: Enabled xstate features 0x7, context size is 832 bytes, using 'standard' format.
[    0.000000] e820: BIOS-provided physical RAM map:
[    0.00000] BIOS-e820: [mem 0x000000000000000-0x0000000009fbff] usable
[    0.000000] BIOS-e820: [mem 0x0000000009f000x000000000009ffff] reserved
[    0.000000] BIOS-e0: [em0x00000000000f0000-0x00000000000fffff] eserved
[    0.000000] BIOS-e820: [mem 0x0000000000100000-0x00000003fefff usable[   0.00000] OSe80:[mem 0x000000003fff0000-0x000000003fffffff] ACPI data[   .000000BI-e820: [mem 0x00000000fec00000-0x00000000fec00fff] rered
[    0.0000]BIS-e80: [mem 0x0000000fee00000-0x00000000fee00fff] reserved
[    0.000000] BIOS-e820: [m 0x00000fff000-0x000000fffff] reserved
[    0.00000] NX (Execute Disable) protection: active
[    0.000000] SMBIOS 2.5 present.
[  0.00000 Hpeisr dette: VM
[    0.000000] e820: last_pfn = 0x3fff0 max_arch_pfn = 0x4000000
[   0.00000] TRR Dsabled
[   0.000000]x8PAT: TRRs disabed, skipping PAT initialization too.
[    0.000000] CPU MTRRs ll blank - virtualized system.
[    0.000000] x86/PAT: Configuration [0-7]: WB  WT  UC- UC  WB  WT  UC- UC  
[    0.000000] found SMP MP-table at [mem 0x0009fff0-0x0009ffff] mapped at [ffff88000009fff0]
[    0.000000] Scanning 1 areas for low memory corruption
[    0.000000] RAMDISK: [mem 0x361ec000-0x370edfff]
[    0.000000] ACPI: Eary table checksum verification disabled
[    0.000000] CP: RSP 0x00000000000E0000 000024 (v02 VBOX  )
[    0.000000] ACPI: XSDT 0x000000003FFF0030 00003C (v01 VBOX   VBOXXSDT 00000001 ASL  00000061)
[    0.000000] ACPI: FACP 0x000000003FFF00F0 0000F4 (v04 VBOX   VBOXFACP 00000001 ASL  00000061)
[    0.000000] ACPI: DSDT 0x000000003FF0470 00FF (v02 VBOX   VBOXBIOS 00000002 INTL 20100528)
[    0.000000] ACPI: FACS 0x000000003FFF0200 000040
[    0.00000 ACPI: FACS 0x000000003FFF0200 000040
[    0.000000] ACPI: APIC 0x000000003FFF0240 00005C (v02 VBOX   VBOXAPIC 00000001 ASL  00001)
[    0.0000] CP: SST 0x000000003FFF02A0 0001CC (v01 VBOX   VBOXCPUT 00000002 INTL 20100528)
[    0.000000] No NUMA configuration found
[    0.000000] Faking a node at [mem 0x0000000000000000-0x000000003ffeffff]
[    0.000000] NODE_DATA(0) allocated [mem 0x3ffeb000-0x3ffefff
   0.000000] kvm-clock: Using msrs 4b564d01 and 4b564d00
[    0.000000] kvm-clock: cpu 0, msr 0:3ffe3001, primary cpu clock
[    0.000000] kvm-clock: using sched offset of 6053541327 cycles
[    0.000000] clocksource: kvm-clock:mak:0xfffffffffffffff max_cycles: 0x1cd42e4dffb, max_idle_ns: 881590591483 ns
[    0.000000] Zone ranges:
[   .00000   DMA    [mem 0x0000000000001000-0x0000000000ffffff]
[    0.000000]   DMA32    [mem 0x000000010000-0000000ffeffff]
[    0.000000]   Normal   pty
[    0.000000]   Device   empty
[    0.000000] Movable zone start for each node
[    0.000000] Early memory nod ranges
[    0.000000]   node   0: [mem 0x0000000000001000-0x000000000009efff]
[    0.0000]  ode  0: me 000000000000-0x000000003ffeffff]
[    0.000000] Initmem setup node 0 [mem 0x0000000000001000-0x000000003ffeffff]
[    0.000000] ACPI: PM-Timer IO Port: 0x4008
[    0.000000] IOAPIC[0]: apic_id 2, version 32, address 0xfec00000, GSI 0-23
[   .000000] ACPI: INT_SRC_OVR (bus 0 bus_irq 0 global_irq 2 dfl dfl)
[    0.000000] ACPI: INT_SRC_OVR (bus 0 bus_irq 9 global_irq 9 low level)
   0.000000] Using ACPI (MADT) for SMP configuration information
[    0.000000] smpboot: Allowing 2 CPUs, 0 tpugCPs
[    0.000000] PM: Registered nosave memory: [mem 0x0000000-00000ff]
[    0.000000] PM: Registered nosave memory: [mem 0x0009f000-0x0009ffff]
[    0.000000] PM: Reisre nosvemeor [mem 000a0000-0x000effff]
[    0.000000] PM: egstered nosave memory: [mem 0x000f0000-0x000fffff]
[    0.000000] e820: [mem 0x40000000-0xfebfffff] availabble for PCI devices
[    0.000000] Booting paravirtualized kernel on KVM
[    0.000000] clocksource: refined-jiffies: mask: 0xffffffff max_cycles: 0xffffffff, max_idle_ns: 7645519600211568 ns
[    0.000000] setup_percpu: NR_CPUS:512 nr_cpumask_bits:512 nr_cpu_ids:2 nr_node_ids:1
[    0.000000] PERCPU: Embedded 34 pages/cpu @ffff88003fc00000 s99544 r8192 d31528 u1048576[    .00000 Bil 1 zonelists n Node order, mobility grouping on.  Total pages: 257912
[   .00000] Plicy zon DA32
    0.000000] Kerneel command line: BOOT_IMAGE=/boot/vmlinuz-4.4.0-157-generic root=UUID=ed2adb99-9e3a-4e55-b5f9-397a22e0d79b ro coole=tty1 console=ttyS0
[    0.00000]PI hash taleenries: 496(order: 3,2768 te)
[   0.00000 Memry 99719K/0412K vailable (861K erelcoe, 33 rdata, 4032K rodata, 1484K init, 1284K bss, 50928K resered, 0K cma-reserved)
[    0.000000] SLUB: HWalign=64, Orrder=0, injects=0, CPUs=2, Nodes=1
[    0.000000] Kernel/User page tables isolation: enabled
[   .000000] Hierarchical RCU implementation.
[    0.000000] 	ild-time adjustment of leaf fanout to 64.
[    0.000000] 	RCU resrictngCPUs fro NCPS=512 to r_cpu_ids=2.
[    0.000000] RCU: Adjusting geometry for rcu_fanout_leaf=64, nr_puids=2
[    0.000000] NR_IRQS:33024 nr_irqs:440 16
[    0.0000] Console: colour VGA+ 80x25
[    0.000000] console [tty1] enabled
[    0.000000] cnslettyS0] enabled
[  000000] tsc: Detected 3504.000 MHz processor
[    4.205008] Calibrating delay loop (skipped) preset value.. 7008.00 BogoMIPS (lpj=14016000)
[    4.231615] pid_max: default: 32768 minimum: 301
[    4.233449] ACPI: Core revision 20150930
[    4.239540] ACPI: 2 ACPI AML tables successfully acquired and loaded
[    4.247314] Security Framework initialized
[    4.248866] Yama: becoming mindful.
[    4.250199] AppArmor: AppArmor initialized
[    4.259221] Dentry cache hash table entries: 131072 (order: 8, 1048576 bytes)
[    4.270390] Inode-cache hash table entries: 65536 (order: 7, 524288 bytes)
[    4.272973] Mount-cache hash table entries: 2048 (order: 2, 16384 bytes)
[    4.278232] Mountpoint-cache hash table entries: 2048 (order: 2, 16384 bytes)
[    4.289962] Initializing cgroup subsys io
[    4.295333] Initializing cgroup subsys memory
[    4.300922] Initializing cgroup subsys devices
[    4.307126] Initializing cgroup subsys freezer
[    4.313367] Initializing cgroup subsys net_cls
[    4.320714] Initializing cgroup subsys perf_event
[    4.327222] Initializing cgroup subsys net_prio
[    4.332937] Initializing cgroup subsys hugetlb
[    4.360892] Initializing cgroup subsys pids
[    4.374102] mce: CPU supports 0 MCE banks
[    4.402736] Last level iTLB entries: 4KB 64, 2MB 8, 4MB 8
[    4.417211] Last level dTLB entries: 4KB 64, 2MB 0, 4MB 0, 1GB 4
[    4.418813] Spectre V2 : Mitigation: Full generic retpoline
[    4.422537] Spectre V2 : Spectre v2 / SpectreRSB mitigation: Filling RSB on context switch
[    4.439672] Speculative Store Bypass: Vulnerable
[    4.440963] MDS: Vulnerable: Clear CPU buffers attempted, no microcode
[    4.485282] Freeing SMP alternatives memory: 36K
[    4.532944] ftrace: allocating 32312 entries in 127 pages
[    4.580964] smpboot: APIC(0) Converting physical 0 to logical package 0
[    4.621711] smpboot: Max logical packages: 1
[    4.645472] x2apic enabled
[    4.658487] Switched APIC routing to physical x2apic.
[    4.699641] ..TIMER: vector=0x30 apic1=0 pin1=2 apic2=-1 pin2=-1
[    4.837488] smpboot: CPU0: Intel(R) Core(TM) i7-7567U CPU @ 3.50GHz (family: 0x6, model: 0x8e, stepping: 0x9)
[    4.869735] Performance Events: unsupported p6 CPU model 142 no PMU driver, software events only.
[    4.887296] KVM setup paravirtual spinlock
[    4.920299] x86: Booting SMP configuration:
[    4.934372] .... node  #0, CPUs:      #1
[    4.935775] kvm-clock: cpu 1, msr 0:3ffe3041, secondary cpu clock
[    4.942433] mce: CPU supports 0 MCE banks
[    4.945330] x86: Booted up 1 node, 2 CPUs
[    4.978544] smpboot: Total of 2 processors activated (14016.00 BogoMIPS)
[    5.038455] devtmpfs: initialized
[    5.072843] evm: security.selinux
[    5.087147] evm: security.SMACK64
[    5.088085] evm: security.SMACK64EXEC
[    5.093538] evm: security.SMACK64TRANSMUTE
[    5.106452] evm: security.SMACK64MMAP
[    5.126074] evm: security.ima
[    5.142271] evm: security.capability
[    5.150031] clocksource: jiffies: mask: 0xffffffff max_cycles: 0xffffffff, max_idle_ns: 7645041785100000 ns
[    5.188227] futex hash table entries: 512 (order: 3, 32768 bytes)
[    5.224107] pinctrl core: initialized pinctrl subsystem
[    5.254000] RTC time: 23:17:18, date: 08/01/19
[    5.291465] NET: Registered protocol family 16
[    5.314303] cpuidle: using governor ladder
[    5.334075] cpuidle: using governor menu
[    5.347951] PCCT header not found.
[    5.358456] ACPI: bus type PCI registered
[    5.359359] acpiphp: ACPI Hot Plug PCI Controller Driver version: 0.5
[    5.368648] PCI: Using configuration type 1 for base access
[    5.383043] ACPI: Added _OSI(Module Device)
[    5.393180] ACPI: Added _OSI(Processor Device)
[    5.399393] ACPI: Added _OSI(3.0 _SCP Extensions)
[    5.400801] ACPI: Added _OSI(Processor Aggregator Device)
[    5.404286] ACPI: Executed 1 blocks of module-level executable AML code
[    5.412084] ACPI: Interpreter enabled
[    5.415339] ACPI: (supports S0 S5)
[    5.422302] ACPI: Using IOAPIC for interrupt routing
[    5.427647] PCI: Using host bridge windows from ACPI; if necessary, use "pci=nocrs" and report a bug
[    5.444483] ACPI: PCI Root Bridge [PCI0] (domain 0000 [bus 00-ff])
[    5.455723] acpi PNP0A03:00: _OSC: OS supports [ASPM ClockPM Segments MSI]
[    5.459286] acpi PNP0A03:00: _OSC: not requesting OS control; OS requires [ExtendedConfig ASPM ClockPM MSI]
[    5.502665] acpi PNP0A03:00: fail to add MMCONFIG information, can't access extended PCI configuration space under this bridge.
[    5.576500] PCI host bridge to bus 0000:00
[    5.595175] pci_bus 0000:00: root bus resource [io  0x0000-0x0cf7 window]
[    5.608389] pci_bus 0000:00: root bus resource [io  0x0d00-0xffff window]
[    5.620022] pci_bus 0000:00: root bus resource [mem 0x000a0000-0x000bffff window]
[    5.659461] pci_bus 0000:00: root bus resource [mem 0x40000000-0xfdffffff window]
[    5.708028] pci_bus 0000:00: root bus resource [bus 00-ff]
[    5.729359] pci 0000:00:01.1: legacy IDE quirk: reg 0x10: [io  0x01f0-0x01f7]
[    5.773199] pci 0000:00:01.1: legacy IDE quirk: reg 0x14: [io  0x03f6]
[    5.834378] pci 0000:00:01.1: legacy IDE quirk: reg 0x18: [io  0x0170-0x0177]
[    5.839473] pci 0000:00:01.1: legacy IDE quirk: reg 0x1c: [io  0x0376]
[    5.857195] pci 0000:00:07.0: quirk: [io  0x4000-0x403f] claimed by PIIX4 ACPI
[    5.925192] pci 0000:00:07.0: quirk: [io  0x4100-0x410f] claimed by PIIX4 SMB
[    5.956408] ACPI: PCI Interrupt Link [LNKA] (IRQs 5 9 10 *11)
[    5.987270] ACPI: PCI Interrupt Link [LNKB] (IRQs 5 9 *10 11)
[    5.989366] ACPI: PCI Interrupt Link [LNKC] (IRQs 5 *9 10 11)
[    6.012501] ACPI: PCI Interrupt Link [LNKD] (IRQs 5 9 10 *11)
[    6.050300] ACPI: Enabled 2 GPEs in block 00 to 07
[    6.088318] vgaarb: setting as boot device: PCI:0000:00:02.0
[    6.095513] vgaarb: device added: PCI:0000:00:02.0,decodes=io+mem,owns=io+mem,locks=none
[    6.097727] vgaarb: loaded
[    6.098521] vgaarb: bridge control possible 0000:00:02.0
[    6.142419] SCSI subsystem initialized
[    6.178963] ACPI: bus type USB registered
[    6.188131] usbcore: registered new interface driver usbfs
[    6.215259] usbcore: registered new interface driver hub
[    6.246777] usbcore: registered new device driver usb
[    6.248530] PCI: Using ACPI for IRQ routing
[    6.258899] NetLabel: Initializing
[    6.278108] NetLabel:  domain hash size = 128
[    6.295133] NetLabel:  protocols = UNLABELED CIPSOv4
[    6.312246] NetLabel:  unlabeled traffic allowed by default
[    6.318633] amd_nb: Cannot enumerate AMD northbridges
[    6.320337] clocksource: Switched to clocksource kvm-clock
[    6.3397] ppmo: pArmor Filesystem Enabled
[    6.543557] pnp: PnP ACPI init
[    6.555830] pnp: PnP ACPI: found 3 devices

[    6.587378] clocksource: acpi_pm: mask: 0xffffff max_cycles: 0xffffff, max_idle_ns: 2085701024 ns
[    6.590961] NET: Registered protocol family 2
[    6.592696] TCP established hash table entris:8192 (order: 4, 65536 bytes)

[    644244] TCP bind hash table entries: 8192 (order: 5, 131072 bytes)
[    6.81404] TCP Hash tablesconfigured (established 8192 bind 8192)
[   6.937934] UDP hash table entries: 512 (order: 2, 16384 bytes)
[    6.968828] UDP-Lite hash table entries: 512 (order: 2, 16384 bytes)
[    6.9773] NET: Registered potocol family 1
[    7.067485] pci 0000:00:00.0: Limiting direct PCI/PCI transfers
[    7.071855] pci 0000:00:01.0: Activating IA DMA han wrkrounds
[   7.202051 Unpacking itramfs...

[    7.845127] Freeing initrd memory: 15368K
[    7.848228] clocksource: tsc: mask: 0xffffffffffffffff max_cycles: 0x3282142a9b0, max_idle_ns: 440795384778 ns
[    7.858445] platform rtc_cmos: registered platform RTC device (no PNP device found)
[    7.861691] Scanning for low memory corruption every 60 seconds
[    7.871176] audit: initializing netlink subsys (disabled)
[    7.873797] audit: type=2000 audit(1564701442.938:1): initialized
[    7.880517] Initialise system trusted keyring
[    7.882476] HugeTLB registered 2 MB page size, pre-allocated 0 pages
[    7.893094] zbud: loaded
[    7.894936] VFS: Disk quotas dquot_6.6.0
[    7.898132] VFS: Dquot-cache hash table entries: 512 (order 0, 4096 bytes)
[    7.906809] squashfs: version 4.0 (2009/01/31) Phillip Lougher
[    7.909371] fuse init (API version 7.23)
[    7.911331] Key type big_key registered
[    7.921055] Allocating IMA MOK and blacklist keyrings.
[    7.944810] Key type asymmetric registered
[    7.952749] Asymmetric key parser 'x509' registered
[    7.957786] Block layer SCSI generic (bsg) driver version 0.4 loaded (major 249)
[    7.962368] io scheduler noop registered
[    7.965485] io scheduler deadline registered (default)
[    7.969372] io scheduler cfq registered
[    7.971265] pci_hotplug: PCI Hot Plug PCI Core version: 0.5
[    7.973183] pciehp: PCI Express Hot Plug Controller Driver version: 0.4
[    7.976846] ACPI: AC Adapter [AC] (on-line)
[    7.978413] input: Power Button as /devices/LNXSYSTM:00/LNXPWRBN:00/input/input0
[    7.995529] ACPI: Power Button [PWRF]
[    8.004821] input: Sleep Button as /devices/LNXSYSTM:00/LNXSLPBN:00/input/input1
[    8.015214] ACPI: Sleep Button [SLPF]
[    8.024643] GHES: HEST is not enabled!
[    8.025006] ACPI: Battery Slot [BAT0] (battery present)
[    8.037168] Serial: 8250/16550 driver, 32 ports, IRQ sharing enabled
[    8.082680] 00:02: ttyS at O 0x3f8 (irq = 4, base_ba = 115200) is a 16550A

[    8.233836] Linux agpgart interface v0.103
[    8.238715] loop: module loaded
[    8.240427] scsi host0: ata_piix
[    8.241558] scsi host1: ata_piix
[    8.242430] ata1: PATA max UDMA/33 cmd 0x1f0 ctl 0x3f6 bmdma 0xd000 irq 14
[    8.243853] ata2: PATA max UDMA/33 cmd 0x170 ctl 0x376 bmdma 0xd008 irq 15
[    8.245827] libphy: Fixed MDIO Bus: probed
[    8.247113] tun: Universal TUN/TAP device driver, 1.6
[    8.248807] tun: (C) 1999-2004 Max Krasnyansky <maxk@qualcomm.com>
[    8.250586] PPP generic driver version 2.4.2
[    8.251883] ehci_hcd: USB 2.0 'Enhanced' Host Controller (EHCI) Driver
[    8.253528] ehci-pci: EHCI PCI platform driver
[    8.254873] ehci-platform: EHCI generic platform driver
[    8.256330] ohci_hcd: USB 1.1 'Open' Host Controller (OHCI) Driver
[    8.258023] ohci-pci: OHCI PCI platform driver
[    8.259301] ohci-platform: OHCI generic platform driver
[    8.261055] uhci_hcd: USB Universal Host Controller Interface driver
[    8.262954] i8042: PNP: PS/2 Controller [PNP0303:PS2K,PNP0f03:PS2M] at 0x60,0x64 irq 1,12
[    8.265733] serio: i8042 KBD port at 0x60,0x64 irq 1
[    8.267120] serio: i8042 AUX port at 0x60,0x64 irq 12
[    8.268615] mousedev: PS/2 mouse device common for all mice
[    8.270598] rtc_cmos rtc_cmos: rtc core: registered rtc_cmos as rtc0
[    8.272300] rtc_cmos rtc_cmos: alarms up to one day, 114 bytes nvram
[    8.274144] i2c /dev entries driver
[    8.284475] device-mapper: uevent: version 1.0.3
[    8.285642] input: AT Translated Set 2 keyboard as /devices/platform/i8042/serio0/input/input2
[    8.288095] device-mapper: ioctl: 4.34.0-ioctl (2015-10-28) initialised: dm-devel@redhat.com
[    8.290074] ledtrig-cpu: registered to indicate activity on CPUs
[    8.292372] NET: Registered protocol family 10
[    8.294244] NET: Registered protocol family 17
[    8.296683] Key type dns_resolver registered
[    8.298761] registered taskstats version 1
[    8.299722] Loading compiled-in X.509 certificates
[    8.301433] Loaded X.509 cert 'Build time autogenerated kernel key: 3e01e6df98386236d59670e6b2ed19a044d5324e'
[    8.304223] zswap: loaded using pool lzo/zbud
[    8.308223] Key type trusted registered
[    8.313846] Key type encrypted registered
[    8.315096] AppArmor: AppArmor sha1 policy hashing enabled
[    8.316919] ima: No TPM chip found, activating TPM-bypass!
[    8.325025] ima: Allocated hash algorithm: sha1
[    8.326100] evm: HMAC attrs: 0x1
[    8.327404]   Magic number: 15:247:301
[    8.328323] tty tty30: hash matches
[    8.330350] rtc_cmos rtc_cmos: setting system clock to 2019-08-01 23:17:21 UTC (1564701441)
[    8.340830] BIOS EDD facility v0.16 2004-Jun-25, 0 devices found
[    8.342615] EDD information not available.
[    8.401616] Freeing unused kernel memory: 1484K
[    8.403132] Write protecting the kernel read-only data: 14336k
[    8.405300] Freeing unused kernel memory: 1612K
[    8.406780] Freeing unused kernel memory: 64K
Loading, please wait...
starting version[    8.425502] random: systemd-udevd: uninitialized urandom read (16 bytes read, 5 bits of entropy available)
 229
[    8.426390] random: udevadm: uninitialized urandom read (16 bytes read, 5 bits of entropy available)
[    8.426410] random: udevadm: uninitialized urandom read (16 bytes read, 5 bits of entropy available)
[    8.436283] random: udevadm: uninitialized urandom read (16 bytes read, 5 bits of entropy available)
[    8.436332] random: udevadm: uninitialized urandom read (16 bytes read, 5 bits of entropy available)
[    8.436528] random: udevadm: uninitialized urandom read (16 bytes read, 5 bits of entropy available)
[    8.436584] random: udevadm: uninitialized urandom read (16 bytes read, 5 bits of entropy available)
[    8.436641] random: udevadm: uninitialized urandom read (16 bytes read, 5 bits of entropy available)
[    8.436695] random: udevadm: uninitialized urandom read (16 bytes read, 5 bits of entropy available)
[    8.436749] random: udevadm: uninitialized urandom read (16 bytes read, 5 bits of entropy available)
[    8.550045] e1000: Intel(R) PRO/1000 Network Driver - version 7.3.21-k8-NAPI
[    8.583675] e1000: Copyright (c) 1999-2006 Intel Corporation.
[    8.645894] Fusion MPT base driver 3.04.20
[    8.662299] Copyright (c) 1999-2008 LSI Corporation
[    8.719071] Fusion MPT SPI Host driver 3.04.20
[    8.744597] AVX2 version of gcm_enc/dec engaged.
[    8.751778] AES CTR mode by8 optimization enabled
[    8.838263] input: ImExPS/2 Generic Explorer Mouse as /devices/platform/i8042/serio1/input/input4
[    9.202191] e1000 0000:00:03.0 eth0: (PCI:33MHz:32-bit) 02:cf:25:3b:33:74
[    9.210558] e1000 0000:00:03.0 eth0: Intel(R) PRO/1000 Network Connection
[    9.213509] e1000 0000:00:03.0 enp0s3: renamed from eth0
[    9.215275] mptbase: ioc0: Initiating bringup
[    9.276886] ioc0: LSI53C1030 A0: Capabilities={Initiator}
[    9.448250] scsi host2: ioc0: LSI53C1030 A0, FwRev=00000000h, Ports=1, MaxQ=256, IRQ=20
[    9.573148] scsi 2:0:0:0: Direct-Access     VBOX     HARDDISK         1.0  PQ: 0 ANSI: 5
[    9.592979] scsi target2:0:0: Beginning Domain Validation
[    9.611201] scsi target2:0:0: Domain Validation skipping write tests
[    9.858585] scsi target2:0:0: Ending Domain Validation
[    9.860216] scsi target2:0:0: asynchronous
[    9.862527] scsi 2:0:1:0: Direct-Access     VBOX     HARDDISK         1.0  PQ: 0 ANSI: 5
[    9.865261] scsi target2:0:1: Beginning Domain Validation
[    9.867755] scsi target2:0:1: Domain Validation skipping write tests
[    9.869590] scsi target2:0:1: Ending Domain Validation
[    9.871036] scsi target2:0:1: asynchronous
[    9.883309] sd 2:0:0:0: Attached scsi generic sg0 type 0
[    9.894563] sd 2:0:0:0: [sda] 20971520 512-byte logical blocks: (10.7 GB/10.0 GiB)
[    9.895142] sd 2:0:1:0: [sdb] 20480 512-byte logical blocks: (10.5 MB/10.0 MiB)
[    9.895353] sd 2:0:1:0: Attached scsi generic sg1 type 0
[    9.895420] sd 2:0:1:0: [sdb] Write Protect is off
[    9.895807] sd 2:0:1:0: [sdb] Incomplete mode parameter data
[    9.895809] sd 2:0:1:0: [sdb] Assuming drive cache: write through
[    9.897976] sd 2:0:1:0: [sdb] Attached SCSI disk
[    9.925774] sd 2:0:0:0: [sda] Write Protect is off
[    9.934259] sd 2:0:0:0: [sda] Incomplete mode parameter data
[    9.937522] sd 2:0:0:0: [sda] Assuming drive cache: write through
[    9.947416]  sda: sda1
[    9.949726] sd 2:0:0:0: [sda] Attached SCSI disk
Begin: Loading essential drivers ... [   11.375244] md: linear personality registered for level -1
[   11.393907] md: multipath personality registered for level -4
[   11.401253] md: raid0 personality registered for level 0
[   11.410915] md: raid1 personality registered for level 1
[   11.496936] raid6: sse2x1   gen()  5111 MB/s
[   11.572511] raid6: sse2x1   xor()  2749 MB/s
[   11.648429] raid6: sse2x2   gen()  6481 MB/s
[   11.728525] raid6: sse2x2   xor()  3698 MB/s
[   11.803297] raid6: sse2x4   gen() 10166 MB/s
[   11.872614] raid6: sse2x4   xor()  8795 MB/s
[   11.945200] raid6: avx2x1   gen() 15091 MB/s
[   12.026403] raid6: avx2x2   gen() 13698 MB/s
[   12.096910] raid6: avx2x4   gen()  9820 MB/s
[   12.104631] raid6: using algorithm avx2x1 gen() 15091 MB/s
[   12.110690] raid6: using avx2x2 recovery algorithm
[   12.116798] xor: automatically using best checksumming function:
[   12.160459]    avx       : 21652.000 MB/sec
[   12.167026] async_tx: api initialized (async)
[   12.211782] md: raid6 personality registered for level 6
[   12.215892] md: raid5 personality registered for level 5
[   12.221765] md: raid4 personality registered for level 4
[   12.244339] md: raid10 personality registered for level 10
done.
Begin: Running /scripts/init-premount ... done.
Begin: Mounting root file system ... Begin: Running /scripts/local-top ... done.
Begin: Running /scripts/local-premount ... [   12.315844] Btrfs loaded
Scanning for Btrfs filesystems
done.
Warning: fsck not present, so skipping root file[   12.374369] EXT4-fs (sda1): mounted filesystem with ordered data mode. Opts: (null)
 system
done.
Begin: Running /scripts/local-bottom ... done.
Begin: Running /scripts/init-bottom ... done.
[   12.686819] systemd[1]: systemd 229 running in system mode. (+PAM +AUDIT +SELINUX +IMA +APPARMOR +SMACK +SYSVINIT +UTMP +LIBCRYPTSETUP +GCRYPT +GNUTLS +ACL +XZ -LZ4 +SECCOMP +BLKID +ELFUTILS +KMOD -IDN)
[   12.708027] systemd[1]: Detected virtualization oracle.
[   12.715281] systemd[1]: Detected architecture x86-64.

Welcome to [1mUbuntu 16.04.6 LTS[0m!

[   12.724998] systemd[1]: Set hostname to <ubuntu-xenial>.
[   12.976134] systemd[1]: Listening on Syslog Socket.
[[0;32m  OK  [0m] Listening on Syslog Socket.
[   12.984100] systemd[1]: Started Trigger resolvconf update for networkd DNS.
[[0;32m  OK  [0m] Started Trigger resolvconf update for networkd DNS.
[   13.006934] systemd[1]: Set up automount Arbitrary Executable File Formats File System Automount Point.
[[0;32m  OK  [0m] Set up automount Arbitrary Executab...ats File System Automount Point.
[   13.074665] systemd[1]: Reached target Swap.
[[0;32m  OK  [0m] Reached target Swap.
[   13.126021] systemd[1]: Listening on /dev/initctl Compatibility Named Pipe.
[[0;32m  OK  [0m] Listening on /dev/initctl Compatibility Named Pipe.
[   13.213113] systemd[1]: Created slice User and Session Slice.
[[0;32m  OK  [0m] Created slice User and Session Slice.
[   13.237291] systemd[1]: Listening on udev Kernel Socket.
[[0;32m  OK  [0m] Listening on udev Kernel Socket.
[   13.251521] systemd[1]: Listening on Journal Audit Socket.
[[0;32m  OK  [0m] Listening on Journal Audit Socket.
[   13.285719] systemd[1]: Listening on udev Control Socket.
[[0;32m  OK  [0m] Listening on udev Control Socket.
[   13.293198] systemd[1]: Reached target User and Group Name Lookups.
[[0;32m  OK  [0m] Reached target User and Group Name Lookups.
[   13.342880] systemd[1]: Listening on LVM2 poll daemon socket.
[[0;32m  OK  [0m] Listening on LVM2 poll daemon socket.
[   13.366315] systemd[1]: Created slice System Slice.
[[0;32m  OK  [0m] Created slice System Slice.
[   13.374346] systemd[1]: Created slice system-serial\x2dgetty.slice.
[[0;32m  OK  [0m] Created slice system-serial\x2dgetty.slice.
[   13.391852] systemd[1]: Reached target Slices.
[[0;32m  OK  [0m] Reached target Slices.
[   13.397680] systemd[1]: Listening on LVM2 metadata daemon socket.
[[0;32m  OK  [0m] Listening on LVM2 metadata daemon socket.
[   13.404599] systemd[1]: Listening on Journal Socket.
[[0;32m  OK  [0m] Listening on Journal Socket.
[   13.433085] systemd[1]: Mounting POSIX Message Queue File System...
         Mounting POSIX Message Queue File System...
[   13.440842] systemd[1]: Mounting Huge Pages File System...
         Mounting Huge Pages File System...
[   13.487910] random: nonblocking pool is initialized
[   13.504526] systemd[1]: Starting Load Kernel Modules...
         Starting Load Kernel Modules...
[   13.524711] systemd[1]: Starting Uncomplicated firewall...
[   13.547534] Loading iSCSI transport class v2.0-870.
         Starting Uncomplicated firewall...
[   13.566956] systemd[1]: Starting Remount Root and Kernel File Systems...
         Starting Remount Root and Kernel[   13.573048] EXT4-fs (sda1): re-mounted. Opts: (null)
 File Systems...[   13.712207] iscsi: registered transport (tcp)

[   13.734472] systemd[1]: Reached target System Time Synchronized.
[[0;32m  OK  [0m] Reached target System Time Synchronized.
[   13.760541] systemd[1]: Starting Set console keymap...
         Starting Set console keymap...
[   13.767455] systemd[1]: Starting Create list of required static device nodes for the current kernel...
         Starting Create list of required st... nodes for the current kernel...
[   13.797887] systemd[1]: Mounting Debug File System...
         Mounting Debug File System...
[   13.827157] systemd[1]: Listening on Journal Socket (/dev/log).
[[0;32m  OK  [0m] Listening on Journal Socket (/dev/log).
[   13.848974] systemd[1]: Starting Journal Service...
         Starting Journal Service...
[   13.862214] systemd[1]: Listening on Device-mapper event daemon FIFOs.
[[0;32m  OK  [0m] Listening on Device-mapper event daemon FIFOs.
[   13.882651] systemd[1]: Starting Monitoring of LVM2 mirrors, snapshots etc. using dmeventd or progress polling...
[   13.908188] iscsi: registered transport (iser)
         Starting Monitoring of LVM2 mirrors... dmeventd or progress polling...
[   13.925974] systemd[1]: Started Forward Password Requests to Wall Directory Watch.
[[0;32m  OK  [0m] Started Forward Password Requests to Wall Directory Watch.
[   13.953764] systemd[1]: Reached target Encrypted Volumes.
[[0;32m  OK  [0m] Reached target Encrypted Volumes.
[   14.041687] systemd[1]: Starting Nameserver information manager...
         Starting Nameserver information manager...
[   14.121464] systemd[1]: Mounted POSIX Message Queue File System.
[[0;32m  OK  [0m] Mounted POSIX Message Queue File System.
[   14.138634] systemd[1]: Mounted Debug File System.
[[0;32m  OK  [0m] Mounted Debug File System.
[   14.150515] systemd[1]: Mounted Huge Pages File System.
[[0;32m  OK  [0m] Mounted Huge Pages File System.
[   14.164612] systemd[1]: Started Journal Service.
[[0;32m  OK  [0m] Started Journal Service.
[[0;32m  OK  [0m] Started Load Kernel Modules.
[[0;32m  OK  [0m] Started Uncomplicated firewall.
[[0;32m  OK  [0m] Started Remount Root and Kernel File Systems.
[[0;32m  OK  [0m] Started Set console keymap.
[[0;32m  OK  [0m] Started Create list of required sta...ce nodes for the current kernel.
[[0;32m  OK  [0m] Started Nameserver information manager.
[[0;32m  OK  [0m] Started LVM2 metadata daemon.
         Starting Create Static Device Nodes in /dev...
         Starting Load/Save Random Seed...
         Starting udev Coldplug all Devices...
         Mounting FUSE Control File System...
         Starting Apply Kernel Variables...
         Starting Flush Journal to Persistent Storage...
[[0;32m  OK  [0m] Mounted FUSE Control File System.
[[0;32m  OK  [0m] Started Monitoring of LVM2 mirrors,...ng dmeventd or progress polling.
[[0;32m  OK  [0m] Started Create Static Device Nodes in /dev.
[[0;32m  OK  [0m] Started Load/Save Random Seed.
[[0;32m  OK  [0m] Started Apply Kernel Variables.
[[0;32m  OK  [0m] Started udev Coldplug all Devices.
         Starting udev Kernel Device Manager...
[[0;32m  OK  [0m] Reached target Local File Systems (Pre).
[[0;32m  OK  [0m] Reached target Local File Systems.
         Starting Initial cloud-init job (pre-networking)...
         Starting LSB: AppArmor initialization...
         Starting Set console font and keymap...
         Starting Tell Plymouth To Write Out Runtime Data...
[[0;32m  OK  [0m] Started Flush Journal to Persistent Storage.
[[0;32m  OK  [0m] Started Tell Plymouth To Write Out Runtime Data.
[[0;32m  OK  [0m] Started udev Kernel Device Manager.
[[0;32m  OK  [0m] Started Dispatch Password Requests to Console Directory Watch.
         Starting Create Volatile Files and Directories...
[[0;32m  OK  [0m] Started Create Volatile Files and Directories.
         Starting Update UTMP about System Boot/Shutdown...
[[0;32m  OK  [0m] Started Update UTMP about System Boot/Shutdown.
[[0;32m  OK  [0m] Found device /dev/ttyS0.
[[0;32m  OK  [0m] Listening on Load/Save RF Kill Switch Status /dev/rfkill Watch.
[[0;32m  OK  [0m] Started LSB: AppArmor initialization.
[[0;32m  OK  [0m] Found device 82540EM Gigabit Ethern...r (PRO/1000 MT Desktop Adapter).
[[0;32m  OK  [0m] Started Set console font and keymap.
[[0;32m  OK  [0m] Created slice system-getty.slice.
[   14.102696] cloud-init[477]: Cloud-init v. 19.1-1-gbaa47854-0ubuntu1~16.04.1 running 'init-local' at Thu, 01 Aug 2019 23:17:31 +0000. Up 12.85 seconds.
[[0;32m  OK  [0m] Started Initial cloud-init job (pre-networking).
[[0;32m  OK  [0m] Reached target Network (Pre).
         Starting Raise network interfaces...
[[0;32m  OK  [0m] Started ifup for enp0s3.
[[0;1;31mFAILED[0m] Failed to start Raise network interfaces.
See 'systemctl status networking.service' for details.
         Starting Initial cloud-init job (metadata service crawler)...
[[0;32m  OK  [0m] Reached target Network.
[   15.697881] cloud-init[1012]: Cloud-init v. 19.1-1-gbaa47854-0ubuntu1~16.04.1 running 'init' at Thu, 01 Aug 2019 23:17:34 +0000. Up 15.36 seconds.
[   15.724912] cloud-init[1012]: ci-info: ++++++++++++++++++++++++++++++++++++++Net device info++++++++++++++++++++++++++++++++++++++
[   15.738591] cloud-init[1012]: ci-info: +--------+------+----------------------------+---------------+--------+-------------------+
[   15.751189] cloud-init[1012]: ci-info: | Device |  Up  |          Address           |      Mask     | Scope  |     Hw-Address    |
[   15.777302] cloud-init[1012]: ci-info: +--------+------+----------------------------+---------------+--------+-------------------+
[   15.778176] cloud-init[1012]: ci-info: | enp0s3 | True |         10.0.2.15          | 255.255.255.0 | global | 02:cf:25:3b:33:74 |
[   15.778718] cloud-init[1012]: ci-info: | enp0s3 | True | fe80::cf:25ff:fe3b:3374/64 |       .       |  link  | 02:cf:25:3b:33:74 |
[   15.779061] cloud-init[1012]: ci-info: |   lo   | True |         127.0.0.1          |   255.0.0.0   |  host  |         .         |
[[0;32m  OK  [0m] Started Initial cloud-init job (metadata service crawler).
[   15.779509] cloud-init[1012]: ci-info: |   lo   | True |          ::1/128           |       .       |  host  |         .         |
[   15.872781] cloud-init[1012]: ci-info: +--------+------+----------------------------+---------------+--------+-------------------+
[   15.876133] cloud-init[1012]: ci-info: +++++++++++++++++++++++++++Route IPv4 info++++++++++++++++++++++++++++
[   15.888694] cloud-init[1012]: ci-info: +-------+-------------+----------+---------------+-----------+-------+
[   15.889371] cloud-init[1012]: ci-info: | Route | Destination | Gateway  |    Genmask    | Interface | Flags |
[[0;32m  OK  [0m] Reached target Cloud-config availability.
[[   15.889861] cloud-init[1012]: ci-info: +-------+-------------+----------+---------------+-----------+-------+
[   15.935612] cloud-init[1012]: ci-info: |   0   |   0.0.0.0   | 10.0.2.2 |    0.0.0.0    |   enp0s3  |   UG  |
[   15.935836] cloud-init[1012]: ci-info: |   1   |   10.0.2.0  | 0.0.0.0  | 255.255.255.0 |   enp0s3  |   U   |
[   15.936508] cloud-init[1012]: ci-info: +-------+-------------+----------+---------------+-----------+-------+
[   15.936988] cloud-init[1012]: ci-info: +++++++++++++++++++Route IPv6 info+++++++++++++++++++
[   15.937402] cloud-init[1012]: ci-info: +-------+-------------+---------+-----------+-------+
[   15.937749] cloud-init[1012]: ci-info: | Route | Destination | Gateway | Interface | Flags |
[   15.938217] cloud-init[1012]: ci-info: +-------+-------------+---------+-----------+-------+
[   15.938726] cloud-init[1012]: ci-info: |   0   |  fe80::/64  |    ::   |   enp0s3  |   U   |
[   15.939243] cloud-init[1012]: ci-info: |   3   |   ff00::/8  |    ::   |   enp0s3  |   U   |
[   15.939745] cloud-init[1012]: ci-info: +-------+-------------+---------+-----------+-------+
[0;32m  OK  [0m] Reached target Network is Online.
         Starting iSCSI initiator daemon (iscsid)...
[[0;32m  OK  [0m] Reached target System Initialization.
[[0;32m  OK  [0m] Started ACPI Events Check.
[[0;32m  OK  [0m] Reached target Paths.
[[0;32m  OK  [0m] Listening on ACPID Listen Socket.
[[0;32m  OK  [0m] Listening on D-Bus System Message Bus Socket.
[[0;32m  OK  [0m] Listening on UUID daemon activation socket.
         Starting Socket activation for snappy daemon.
[[0;32m  OK  [0m] Started Daily Cleanup of Temporary Directories.
[[0;32m  OK  [0m] Started Daily apt download activities.
[[0;32m  OK  [0m] Started Daily apt upgrade and clean activities.
[[0;32m  OK  [0m] Reached target Timers.
         Starting LXD - unix socket.
[[0;32m  OK  [0m] Listening on Socket activation for snappy daemon.
[[0;32m  OK  [0m] Listening on LXD - unix socket.
[[0;32m  OK  [0m] Started iSCSI initiator daemon (iscsid).
         Starting Login to default iSCSI targets...
[[0;32m  OK  [0m] Reached target Sockets.
[[0;32m  OK  [0m] Reached target Basic System.
[[0;32m  OK  [0m] Started Deferred execution scheduler.
[[0;32m  OK  [0m] Started FUSE filesystem for LXC.
         Starting LSB: MD monitoring daemon...
[[0;32m  OK  [0m] Started ACPI event daemon.
         Starting A high performance web server and a reverse proxy server...
         Starting Login Service...
         Starting System Logging Service...
         Starting LXD - container startup/shutdown...
         Starting Virtualbox guest utils...
[[0;32m  OK  [0m] Started Regular background program processing daemon.
[[0;32m  OK  [0m] Started D-Bus System Message Bus.
         Starting LSB: Record successful boot for GRUB...
         Starting Accounts Service...
         Starting /etc/rc.local Compatibility...
         Starting Snappy daemon...
         Starting OpenBSD Secure Shell server...
[[0;32m  OK  [0m] Started System Logging Service.
[[0;32m  OK  [0m] Started /etc/rc.local Compatibility.
[[0;32m  OK  [0m] Started A high performance web server and a reverse proxy server.
[[0;32m  OK  [0m] Started Login to default iSCSI targets.
[[0;32m  OK  [0m] Started LSB: MD monitoring daemon.
[[0;32m  OK  [0m] Started OpenBSD Secure Shell server.
[[0;32m  OK  [0m] Started LXD - container startup/shutdown.
[[0;32m  OK  [0m] Started LSB: Record successful boot for GRUB.
[[0;32m  OK  [0m] Started Virtualbox guest utils.
[[0;32m  OK  [0m] Started Login Service.
[[0;32m  OK  [0m] Started Unattended Upgrades Shutdown.
         Starting Authenticate and Authorize Users to Run Privileged Tasks...
[[0;32m  OK  [0m] Reached target Remote File Systems (Pre).
[[0;32m  OK  [0m] Reached target Remote File Systems.
         Starting Permit User Sessions...
         Starting LSB: daemon to balance interrupts for SMP systems...
         Starting LSB: automatic crash report generation...
         Starting LSB: Set the CPU Frequency Scaling governor to "ondemand"...
[[0;32m  OK  [0m] Started Permit User Sessions.
[[0;32m  OK  [0m] Started Authenticate and Authorize Users to Run Privileged Tasks.
[[0;32m  OK  [0m] Started Accounts Service.
         Starting Terminate Plymouth Boot Screen...
         Starting Hold until boot process finishes up...
[[0;32m  OK  [0m] Started LSB: Set the CPU Frequency Scaling governor to "ondemand".
[[0;32m  OK  [0m] Started LSB: daemon to balance interrupts for SMP systems.
[[0;32m  OK  [0m] Started LSB: automatic crash report generation.
[[0;32m  OK  [0m] Started Terminate Plymouth Boot Screen.
[[0;32m  OK  [0m] Started Hold until boot process finishes up.
         Starting Set console scheme...
[[0;32m  OK  [0m] Started Getty on tty1.
[[0;32m  OK  [0m] Started Serial Getty on ttyS0.
[[0;32m  OK  [0m] Reached target Login Prompts.
[[0;32m  OK  [0m] Started Set console scheme.
[[0;32m  OK  [0m] Started Snappy daemon.
         Starting Wait until snapd is fully seeded...
[[0;32m  OK  [0m] Started Wait until snapd is fully seeded.
         Starting Apply the settings specified in cloud-config...
[[0;32m  OK  [0m] Reached target Multi-User System.
[[0;32m  OK  [0m] Reached target Graphical Interface.
         Starting Update UTMP about System Runlevel Changes...
[[0;32m  OK  [0m] Started Update UTMP about System Runlevel Changes.
[   18.755420] cloud-init[1276]: Cloud-init v. 19.1-1-gbaa47854-0ubuntu1~16.04.1 running 'modules:config' at Thu, 01 Aug 2019 23:17:37 +0000. Up 18.65 seconds.
[[0;32m  OK  [0m] Started Apply the settings specified in cloud-config.
         Starting Execute cloud user/final scripts...
[[0;32m  OK  [0m] Created slice User Slice of vagrant.
         Starting User Manager for UID 1000...
[[0;32m  OK  [0m] Started User Manager for UID 1000.
[[0;32m  OK  [0m] Started Session 1 of user vagrant.
[   19.525374] cloud-init[1290]: Cloud-init v. 19.1-1-gbaa47854-0ubuntu1~16.04.1 running 'modules:final' at Thu, 01 Aug 2019 23:17:38 +0000. Up 19.26 seconds.
[   19.535264] cloud-init[1290]: Cloud-init v. 19.1-1-gbaa47854-0ubuntu1~16.04.1 finished at Thu, 01 Aug 2019 23:17:38 +0000. Datasource DataSourceNoCloud [seed=/dev/sdb][dsmode=net].  Up 19.51 seconds
[[0;32m  OK  [0m] Started Execute cloud user/final scripts.
[[0;32m  OK  [0m] Reached target Cloud-init target.

Ubuntu 16.04.6 LTS ubuntu-xenial ttyS0

ubuntu-xenial login: 