[    0.000000] Initializing cgroup subsys cpuset
[    0.000000] Initializing cgroup subsys cpu
[    0.000000] Initializing cgroup subsys cpuacct
[    0.00000]Linux version .40-154-generic(bildd@lgw-ad6-09) (gcc versi 54. 2016009(Untu 5.4.0-6ubuntu1~1604.10) ) #181-Ubuntu SMP Tue Jun 25 05:29:03 UTC 2019 (Ubuntu 4.4.0-154.181-generic 4.4.179)
[    0.000000] Command line: BOOT_IMAGE=/boot/vmlinuz-4.4.0-154-generic root=LABEL=cloudimg-rootfs ro console=tty1 console=ttyS0
[    0.000000] KERNEL suored cpus:
[    0.000000]   Intel enuineIntel
[    0.000000]   AMD AuthenticAMD
[    0.000000]   Centaur CentaurHauls
[    0.000000] x86/fpu: xstate_offset[2]:  576, xstate_sizes[2]:  256
[    0.000000] x86/fpu: Supporting XSAVE feature 0x01: 'x87 floating point registers'
[   0.000000] x86/fpu: Supporting XSAVE feature 0x02: 'SSE registers'
[    0.000000] x86/fpu: Supporting XSAVE feature 0x04: 'AVX registers'
[    0.00000] x86/fpu: Enabled xstate features 0x7, context size is 832 bytes, using 'standard' format.
[    0.000000] e820: BIOS-pprovided physical RAM map:
[    0.000000] BIOS-e820: [mem 0x0000000000000000-0x000000000009fbff] usable
[    0.000000] BIOS-e820: [mem 0x000000000009fc00-0x000000000009ffff] reserved
[    0.000000] BIOS-e820: [mem 0x00000000000f0000-0x00000000000fffff] reserved
[    0.000000] BIOS-e820: [mem 0x0000000000100000-0x000000003ffeffff] usable
[    0.000000] BIOS-e820: [mem 0x000000003fff0000-0x000000003fffffff] ACPI data
[    0.000000] BIOS-e820: [mem 0x00000000fec00000-0x00000000fec00fff] reserved
[    0.000000] BIOS-e820: [mem 0x000000fe00000-0x00000fe0fff] reserved
[    0.000000] BIOS-e820: [mem 0x00000000fffc0000-0x00000000ffffffff] reserved
[   0.000000] NX (Execute Disable) protection: active
[    0.000000] SMBIOS 2.5 present.
[    0.000000] Hypervisor detected: KVM
[    0.000000] e820: last_pf= 0x3fff0 max_arch_pfn  0400000
[    .0000]TRR:Diabed
[    0.000000] x86/PAT: MTRRs disabled, skipping PAT initialization too.
[    0.000000] CPU MTRRs all blank - virtualized system.
[    0.000000] x86/PAT: Configuration [0-7]: WB  WT  UC- UC  WB  WT  UC- UC  
[    0.000000] found SMP MP-table at [mem 0x009fff0-0x0009ff]aped at [fff88009ff0]
[    0.000000] Scanning 1 areas for low memory corruption
[    0.000000] RAMDISK: [mem 0x362f8000-0x37173fff]
[    0.000000] ACPI: Early table checksum verification disabled
[    0.000000] ACPI: RSDP 0x00000000000E0000 000024 (v02 VBOX  )
[    0.000000] ACPI: XSDT 0x000000003FFF0030 00003C (v001 VBOX   VBOXXSDT 00000001 ASL  00000061)
[    0.000000] ACPI: FACP 0x000000003FFF00F0 0000F4 (v04 VBOX   VBOXFACP 00000001 ASL  00000061)
[    0.000000] ACPI: DSDT 0x000000003FFF0470 0021FF (v02 VBOX   VBOXBIOS 00000002 INTL 20100528)
[    0.000000] ACPI: FACS 0x000000003FFF0200 000040
[    0.000000] ACPI: FACS 0x000000003FFF0200 000040
[    0.000000] ACPI: APIC 0x0000003FFF0240 00005C (v02 VBOX   VBOXAPIC 00000001 ASL  00000061
[    0.000000] ACPI: SSDT 0x000000003FFF02A0 0001CC (v01 VBOX   VBOXCPUT 00000002 INTL 20100528)
[    0.000000] No NUMA configuration found
[    0.000000] Faking a node at [mem 0x0000000000000000-0x000000003ffeffff]
[    0.000000] NODE_DATA(0) allocated [mem 0x3ffeb000-0x3ffeffff]
[    0.000000] kvm-clock: Using msrs 4b564d01 and 4b564d00
[    0.000000] kvm-clock: cpu 0, msr 0:3ffe3001, primary cpu clock
[    0.000000] kvm-clock: using sched offset of 6414161594 cycles
[    0.000000] clocksource: kvm-clock: mask: 0xffffffffffffffff max_cycles: 0x1cd42e4dffb, max_idle_ns: 881590591483 ns
[    0.000000] Zone ranges:
[    0.000000]   DMA      [mem 0x0000000000001000-0x0000000000ffffff]
[    0.000000]   DMA32    [mem 0x0000000001000000-0x000000003ffeffff]
[    0.000000]   Normal   empty
[    0.000000]   Device   empty
[    0.000000] Movable zone start for each node
[    0.000000] Early memorno ranges
[    0.000000]   node   0: [mem 0x0000000000001000-0x000000000009efff]
[    0.000000]   node   0: [mem 0x0000000000100000-0x000000003ffeffff]
[    0.000000] Initmem setup node 0 [mem 0x0000000000001000-0x00000003ffeff
[    0.0000] AI:PM-TimeIOPot:00x4008
[    0.000000IOIC[0]:apc_d , ersion 32, adrss0xec000,GS0-23
[    0.000000] ACPI: INT_SRC_OVR (bus 0 bus_irq 0 global_irq 2 dfl dfl)
[    0.000000] ACPI: INT_SRC_OV(bs  bus_irq 9 global_irq 9 low level)
[    0.00000] UngACPI (MADT) for MP configuration information
[    0.000000] smpboot: Allowing 2 CPUs, 0 hotplug CPUs
[    0.000000] PM: Registered nosave memory [mem 0x00000000-0x00000fff]
[    0.000000] PM: Registered nosave memory: [mem 0x0009f000-0x0009ffff]
[    0.000000] PM: Registered nosave memory: [mem 0x000a0000-0x000effff]
[    0.000000] PM: Registered nosave memory: [mem 0x000f0000-0x000fffff]
[    0.000000] e820: [mem 0x40000000-0xfebffff available for PCI devices
[    0.000000] Booting paravirtualizd kernel on KVM
[    0.000000] clocksource: refined-jiffies: mask: 0xffffffff max_cycles: 0xffffffff, max_idle_ns: 7645519600211568 ns
[    0.000000] setup_percpu: NR_CPUS:512 nr_cpumask_bits:512 nr_cpu_ids:2 nr_node_ids:1
[   .000] PERPU Eeded 34 pages/cpu @ffff88003fc00000 s99480 r8192 d31592 u1048576
[   .000]  Buil 1zoelst in Node oer mility ropi o.  Tot pge 257912
[    0.000000] Policy zone: DMA32
[    0.000000] Kernel command line: BOOT_IMAGE=/boot/vmlinuz-4.4.0-154-generic root=LABEL=cloudimg-rootfs ro console=tty1 console=ttyS0
[    0.000000] PID hsh ab etries: 4096 (order: 3, 76 bte)
[   000000] Memory: 997728K/1048120K available (8613K kernel code, 1335K rwdata, 4028K rodata, 1484K init, 1284K bss, 50392K reserved, 0K cma-reserved)
[    0.000000] SLUB: HWalign=64, Order=0-3, MinObjects=0, CPUs=2, Nodes=1
[    0.000000] Kernel/User page tables isolation: enabled
[    0.000000] Hierarchical RCU implementation.
[    0.000000] 	Build-time adjustment of leaf fanout to 64.
[    0.000000] 	RCU restricting CPUs from NR_CPUS=512 to nr_cpu_ids=2.
[    0.000000] RCU: Adjusting geometry for rcu_fanout_leaf=64, nr_cpu_ids=2
[    0.000000] NR_IRQS:33024 nr_irqs:440 16
[    0.000000] Console: colour VGA+ 80x25
[    0.000000] console [tty1] enabled
[    0.000000] console [ttyS0] enabled
[    0.000000] tsc: Detected 3504.000 MHz processor
[    2.111467] Calibrating delay loop (skipped) preset value.. 7008.00 BogoMIPS (lpj=14016000)
[    2.173288] pid_max: default: 32768 minimum: 301
[    2.174665] ACPI: Core revision 20150930
[    2.194113] ACPI: 2 ACPI AML tables successfully acquired and loaded
[    2.208866] Security Framework initialized
[    2.216424] Yama: becoming mindful.
[    2.217466] AppArmor: AppArmor initialized
[    2.218667] Dentry cache hash table entries: 131072 (order: 8, 1048576 bytes)
[    2.245146] Inode-cache hash table entries: 65536 (order: 7, 524288 bytes)
[    2.299754] Mount-cache hash table entries: 2048 (order: 2, 16384 bytes)
[    2.312386] Mountpoint-cache hash table entries: 2048 (order: 2, 16384 bytes)
[    2.314299] Initializing cgroup subsys io
[    2.317008] Initializing cgroup subsys memory
[    2.318167] Initializing cgroup subsys devices
[    2.319400] Initializing cgroup subsys freezer
[    2.320604] Initializing cgroup subsys net_cls
[    2.322061] Initializing cgroup subsys perf_event
[    2.334572] Initializing cgroup subsys net_prio
[    2.343136] Initializing cgroup subsys hugetlb
[    2.344331] Initializing cgroup subsys pids
[    2.355209] mce: CPU supports 0 MCE banks
[    2.373225] Last level iTLB entries: 4KB 64, 2MB 8, 4MB 8
[    2.374666] Last level dTLB entries: 4KB 64, 2MB 0, 4MB 0, 1GB 4
[    2.376210] Spectre V2 : Mitigation: Full generic retpoline
[    2.384786] Spectre V2 : Spectre v2 / SpectreRSB mitigation: Filling RSB on context switch
[    2.409696] Speculative Store Bypass: Vulnerable
[    2.417014] MDS: Vulnerable: Clear CPU buffers attempted, no microcode
[    2.444589] Freeing SMP alternatives memory: 36K
[    2.466963] ftrace: allocating 32299 entries in 127 pages
[    2.552132] smpboot: APIC(0) Converting physical 0 to logical package 0
[    2.564934] smpboot: Max logical packages: 1
[    2.567573] x2apic enabled
[    2.574297] Switched APIC routing to physical x2apic.
[    2.577847] ..TIMER: vector=0x30 apic1=0 pin1=2 apic2=-1 pin2=-1
[    2.686753] smpboot: CPU0: Intel(R) Core(TM) i7-7567U CPU @ 3.50GHz (family: 0x6, model: 0x8e, stepping: 0x9)
[    2.748445] Performance Events: unsupported p6 CPU model 142 no PMU driver, software events only.
[    2.774853] KVM setup paravirtual spinlock
[    2.777382] x86: Booting SMP configuration:
[    2.789607] .... node  #0, CPUs:      #1
[    2.790884] kvm-clock: cpu 1, msr 0:3ffe3041, secondary cpu clock
[    2.793921] mce: CPU supports 0 MCE banks
[    2.796750] x86: Booted up 1 node, 2 CPUs
[    2.818129] smpboot: Total of 2 processors activated (14016.00 BogoMIPS)
[    2.865836] devtmpfs: initialized
[    2.873523] evm: security.selinux
[    2.874462] evm: security.SMACK64
[    2.884913] evm: security.SMACK64EXEC
[    2.906128] evm: security.SMACK64TRANSMUTE
[    2.907266] evm: security.SMACK64MMAP
[    2.908280] evm: security.ima
[    2.910985] evm: security.capability
[    2.933304] clocksource: jiffies: mask: 0xffffffff max_cycles: 0xffffffff, max_idle_ns: 7645041785100000 ns
[    2.975716] futex hash table entries: 512 (order: 3, 32768 bytes)
[    2.984802] pinctrl core: initialized pinctrl subsystem
[    2.986279] RTC time:  0:20:13, date: 07/25/19
[    3.028405] NET: Registered protocol family 16
[    3.068145] cpuidle: using governor ladder
[    3.088024] cpuidle: using governor menu
[    3.120911] PCCT header not found.
[    3.140921] ACPI: bus type PCI registered
[    3.148625] acpiphp: ACPI Hot Plug PCI Controller Driver version: 0.5
[    3.166994] PCI: Using configuration type 1 for base access
[    3.193681] ACPI: Added _OSI(Module Device)
[    3.200453] ACPI: Added _OSI(Processor Device)
[    3.216019] ACPI: Added _OSI(3.0 _SCP Extensions)
[    3.229937] ACPI: Added _OSI(Processor Aggregator Device)
[    3.253138] ACPI: Executed 1 blocks of module-level executable AML code
[    3.269249] ACPI: Interpreter enabled
[    3.270268] ACPI: (supports S0 S5)
[    3.282343] ACPI: Using IOAPIC for interrupt routing
[    3.295529] PCI: Using host bridge windows from ACPI; if necessary, use "pci=nocrs" and report a bug
[    3.312716] ACPI: PCI Root Bridge [PCI0] (domain 0000 [bus 00-ff])
[    3.330637] acpi PNP0A03:00: _OSC: OS supports [ASPM ClockPM Segments MSI]
[    3.363805] acpi PNP0A03:00: _OSC: not requesting OS control; OS requires [ExtendedConfig ASPM ClockPM MSI]
[    3.368264] acpi PNP0A03:00: fail to add MMCONFIG information, can't access extended PCI configuration space under this bridge.
[    3.401484] PCI host bridge to bus 0000:00
[    3.402677] pci_bus 0000:00: root bus resource [io  0x0000-0x0cf7 window]
[    3.449590] pci_bus 0000:00: root bus resource [io  0x0d00-0xffff window]
[    3.485128] pci_bus 0000:00: root bus resource [mem 0x000a0000-0x000bffff window]
[    3.488518] pci_bus 0000:00: root bus resource [mem 0x40000000-0xfdffffff window]
[    3.504664] pci_bus 0000:00: root bus resource [bus 00-ff]
[    3.516301] pci 0000:00:01.1: legacy IDE quirk: reg 0x10: [io  0x01f0-0x01f7]
[    3.521941] pci 0000:00:01.1: legacy IDE quirk: reg 0x14: [io  0x03f6]
[    3.547558] pci 0000:00:01.1: legacy IDE quirk: reg 0x18: [io  0x0170-0x0177]
[    3.557836] pci 0000:00:01.1: legacy IDE quirk: reg 0x1c: [io  0x0376]
[    3.574809] pci 0000:00:07.0: quirk: [io  0x4000-0x403f] claimed by PIIX4 ACPI
[    3.610387] pci 0000:00:07.0: quirk: [io  0x4100-0x410f] claimed by PIIX4 SMB
[    3.625019] ACPI: PCI Interrupt Link [LNKA] (IRQs 5 9 10 *11)
[    3.632405] ACPI: PCI Interrupt Link [LNKB] (IRQs 5 9 *10 11)
[    3.651945] ACPI: PCI Interrupt Link [LNKC] (IRQs 5 *9 10 11)
[    3.653934] ACPI: PCI Interrupt Link [LNKD] (IRQs 5 9 10 *11)
[    3.655913] ACPI: Enabled 2 GPEs in block 00 to 07
[    3.671895] vgaarb: setting as boot device: PCI:0000:00:02.0
[    3.687819] vgaarb: device added: PCI:0000:00:02.0,decodes=io+mem,owns=io+mem,locks=none
[    3.690656] vgaarb: loaded
[    3.698566] vgaarb: bridge control possible 0000:00:02.0
[    3.700780] SCSI subsystem initialized
[    3.702835] ACPI: bus type USB registered
[    3.704615] usbcore: registered new interface driver usbfs
[    3.715048] usbcore: registered new interface driver hub
[    3.717941] usbcore: registered new device driver usb
[    3.720560] PCI: Using ACPI for IRQ routing
[    3.722248] NetLabel: Initializing
[    3.728619] NetLabel:  domain hash size = 128
[    3.734451] NetLabel:  protocols = UNLABELED CIPSOv4
[    3.744162] NetLabel:  unlabeled traffic allowed by default
[    3.753312] amd_nb: Cannot enumerate AMD northbridges
[    3.762121] clocksource: Switched to clocksource kvm-clock
[    3.783222] AppArmor: AppArr ilsytem Enabled
[   .8544]pn: P ACPI init
[   4.6231 pnp: PnP ACPI: found 3 devices

[  4.158195] clocksource: acpi_pm: mask: 0xffffff max_cycles: 0xffffff, max_idle_ns: 2085701024 ns
[    4.201254] NET: Registered protocol family 2

[    4.2068] P taised hash table entries: 8192 (order: 4, 65536 bytes)

[    4.403739] TCP bind hash table entries: 8192 (order: 5, 131072 bytes)
[   4144TC: Hash bls nfured (established 8192 bind 8192)
[    4.719881] UDP hash table entries: 512 (order: 2, 16384 bytes)
[    4.721379] UDP-Lite hash table entries: 512 (order: 2, 16384 bytes)
[   72095] NET: Registered protocol family 1
[    4.80717] pci 0000:00:00.0: Limiting direct PCI/PCI transfers
[    4.835116] pci 0000:00:01.0: Activating ISA DMA hang workarounds
[    4.837316] Unpacking initramfs...

[    5.069669] Freeing initrd memory: 14832K
[    5.077565] clocksource: tsc: mask: 0xffffffffffffffff max_cycles: 0x3282142a9b0, max_idle_ns: 440795384778 ns
[    5.080257] platform rtc_cmos: registered platform RTC device (no PNP device found)
[    5.108607] Scanning for low memory corruption every 60 seconds
[    5.110440] audit: initializing netlink subsys (disabled)
[    5.148028] audit: type=2000 audit(1564014020.332:1): initialized
[    5.149816] Initialise system trusted keyring
[    5.151378] HugeTLB registered 2 MB page size, pre-allocated 0 pages
[    5.157789] zbud: loaded
[    5.207348] VFS: Disk quotas dquot_6.6.0
[    5.293070] VFS: Dquot-cache hash table entries: 512 (order 0, 4096 bytes)
[    5.367093] squashfs: version 4.0 (2009/01/31) Phillip Lougher
[    5.415661] fuse init (API version 7.23)
[    5.486486] Key type big_key registered
[    5.526327] Allocating IMA MOK and blacklist keyrings.
[    5.635349] Key type asymmetric registered
[    5.702850] Asymmetric key parser 'x509' registered
[    5.786519] Block layer SCSI generic (bsg) driver version 0.4 loaded (major 249)
[    5.836124] io scheduler noop registered
[    5.860318] io scheduler deadline registered (default)
[    5.886500] io scheduler cfq registered
[    5.897125] pci_hotplug: PCI Hot Plug PCI Core version: 0.5
[    5.923886] pciehp: PCI Express Hot Plug Controller Driver version: 0.4
[    5.926062] ACPI: AC Adapter [AC] (off-line)
[    5.931037] input: Power Button as /devices/LNXSYSTM:00/LNXPWRBN:00/input/input0
[    5.935958] ACPI: Power Button [PWRF]
[    5.937473] input: Sleep Button as /devices/LNXSYSTM:00/LNXSLPBN:00/input/input1
[    5.940075] ACPI: Sleep Button [SLPF]
[    5.945108] ACPI: Battery Slot [BAT0] (battery present)
[    5.948109] GHES: HEST is not enabled!
[    5.949425] Serial: 8250/16550 driver, 32 ports, IRQ sharing enabled
[    5.991300] 00:02: ttyS0 at I/O 0x3f8 (irq = 4, base_baud = 115200) is a 16550A
[    5.997021] Linux agpgart interface v0.103
[    6.002339] loop: module loaded
[    6.005600] scsi host0: ata_piix
[    6.007469] scsi host1: ata_piix
[    6.008957] ata1: PATA max UDMA/33 cmd 0x1f0 ctl 0x3f6 bmdma 0xd000 irq 14
[    6.011900] ata2: PATA max UDMA/33 cmd 0x170 ctl 0x376 bmdma 0xd008 irq 15
[    6.031614] libphy: Fixed MDIO Bus: probed
[    6.034999] tun: Universal TUN/TAP device driver, 1.6
[    6.096368] tun: (C) 1999-2004 Max Krasnyansky <maxk@qualcomm.com>
[    6.137025] PPP generic driver version 2.4.2
[    6.148890] ehci_hcd: USB 2.0 'Enhanced' Host Controller (EHCI) Driver
[    6.226641] ehci-pci: EHCI PCI platform driver
[    6.276102] ehci-platform: EHCI generic platform driver
[    6.344311] ohci_hcd: USB 1.1 'Open' Host Controller (OHCI) Driver
[    6.442598] ohci-pci: OHCI PCI platform driver
[    6.455141] ohci-platform: OHCI generic platform driver
[    6.456609] uhci_hcd: USB Universal Host Controller Interface driver
[    6.468330] i8042: PNP: PS/2 Controller [PNP0303:PS2K,PNP0f03:PS2M] at 0x60,0x64 irq 1,12
[    6.484245] serio: i8042 KBD port at 0x60,0x64 irq 1
[    6.516685] serio: i8042 AUX port at 0x60,0x64 irq 12
[    6.557174] mousedev: PS/2 mouse device common for all mice
[    6.590379] rtc_cmos rtc_cmos: rtc core: registered rtc_cmos as rtc0
[    6.592273] rtc_cmos rtc_cmos: alarms up to one day, 114 bytes nvram
[    6.693386] i2c /dev entries driver
[    6.726465] input: AT Translated Set 2 keyboard as /devices/platform/i8042/serio0/input/input2
[    6.866827] device-mapper: uevent: version 1.0.3
[    6.952910] device-mapper: ioctl: 4.34.0-ioctl (2015-10-28) initialised: dm-devel@redhat.com
[    6.955246] ledtrig-cpu: registered to indicate activity on CPUs
[    7.024829] NET: Registered protocol family 10
[    7.044870] NET: Registered protocol family 17
[    7.059306] Key type dns_resolver registered
[    7.063126] registered taskstats version 1
[    7.069889] Loading compiled-in X.509 certificates
[    7.087331] Loaded X.509 cert 'Build time autogenerated kernel key: 65139e04a67245b562a838c28b5e7032abdd4348'
[    7.092994] zswap: loaded using pool lzo/zbud
[    7.098604] Key type trusted registered
[    7.106477] Key type encrypted registered
[    7.108828] AppArmor: AppArmor sha1 policy hashing enabled
[    7.111774] ima: No TPM chip found, activating TPM-bypass!
[    7.114662] ima: Allocated hash algorithm: sha1
[    7.117230] evm: HMAC attrs: 0x1
[    7.120180]   Magic number: 11:153:305
[    7.122360] tty tty34: hash matches
[    7.124126] rtc_cmos rtc_cmos: setting system clock to 2019-07-25 00:20:17 UTC (1564014017)
[    7.128607] BIOS EDD facility v0.16 2004-Jun-25, 0 devices found
[    7.131079] EDD information not available.
[    7.135806] Freeing unused kernel memory: 1484K
[    7.151010] Write protecting the kernel read-only data: 14336k
[    7.166684] Freeing unused kernel memory: 1616K
[    7.195905] Freeing unused kernel memory: 68K
Loading, please [    7.214355] random: systemd-udevd: uninitialized urandom read (16 bytes read, 5 bits of entropy available)
wait...
starting version 229
[    7.214903] random: udevadm: uninitialized urandom read (16 bytes read, 5 bits of entropy available)
[    7.214918] random: udevadm: uninitialized urandom read (16 bytes read, 5 bits of entropy available)
[    7.220523] random: udevadm: uninitialized urandom read (16 bytes read, 5 bits of entropy available)
[    7.220555] random: udevadm: uninitialized urandom read (16 bytes read, 5 bits of entropy available)
[    7.220648] random: udevadm: uninitialized urandom read (16 bytes read, 5 bits of entropy available)
[    7.220683] random: udevadm: uninitialized urandom read (16 bytes read, 5 bits of entropy available)
[    7.220716] random: udevadm: uninitialized urandom read (16 bytes read, 5 bits of entropy available)
[    7.220751] random: udevadm: uninitialized urandom read (16 bytes read, 5 bits of entropy available)
[    7.220783] random: udevadm: uninitialized urandom read (16 bytes read, 5 bits of entropy available)
[    7.285621] Fusion MPT base driver 3.04.20
[    7.287125] Copyright (c) 1999-2008 LSI Corporation
[    7.292458] e1000: Intel(R) PRO/1000 Network Driver - version 7.3.21-k8-NAPI
[    7.294778] e1000: Copyright (c) 1999-2006 Intel Corporation.
[    7.316938] Fusion MPT SPI Host driver 3.04.20
[    7.325445] AVX2 version of gcm_enc/dec engaged.
[    7.340547] AES CTR mode by8 optimization enabled
[    7.500607] input: ImExPS/2 Generic Explorer Mouse as /devices/platform/i8042/serio1/input/input4
[    7.762180] e1000 0000:00:03.0 eth0: (PCI:33MHz:32-bit) 02:cf:25:3b:33:74
[    7.812423] e1000 0000:00:03.0 eth0: Intel(R) PRO/1000 Network Connection
[    7.948279] e1000 0000:00:03.0 enp0s3: renamed from eth0
[    7.968676] mptbase: ioc0: Initiating bringup
[    8.081794] ioc0: LSI53C1030 A0: Capabilities={Initiator}
[    8.632130] scsi host2: ioc0: LSI53C1030 A0, FwRev=00000000h, Ports=1, MaxQ=256, IRQ=20
[   10.038775] scsi 2:0:0:0: Direct-Access     VBOX     HARDDISK         1.0  PQ: 0 ANSI: 5
[   10.052485] scsi target2:0:0: Beginning Domain Validation
[   10.057169] scsi target2:0:0: Domain Validation skipping write tests
[   11.164739] scsi target2:0:0: Ending Domain Validation
[   11.192778] scsi target2:0:0: asynchronous
[   11.224051] scsi 2:0:1:0: Direct-Access     VBOX     HARDDISK         1.0  PQ: 0 ANSI: 5
[   11.303307] scsi target2:0:1: Beginning Domain Validation
[   11.467739] scsi target2:0:1: Domain Validation skipping write tests
[   11.469076] scsi target2:0:1: Ending Domain Validation
[   11.470233] scsi target2:0:1: asynchronous
[   11.477171] sd 2:0:0:0: [sda] 20971520 512-byte logical blocks: (10.7 GB/10.0 GiB)
[   11.477244] sd 2:0:0:0: Attached scsi generic sg0 type 0
[   11.526847] sd 2:0:0:0: [sda] Write Protect is off
[   11.527791] sd 2:0:1:0: [sdb] 20480 512-byte logical blocks: (10.5 MB/10.0 MiB)
[   11.528071] sd 2:0:1:0: [sdb] Write Protect is off
[   11.528238] sd 2:0:1:0: [sdb] Incomplete mode parameter data
[   11.528239] sd 2:0:1:0: [sdb] Assuming drive cache: write through
[   11.534836] sd 2:0:1:0: Attached scsi generic sg1 type 0
[   11.537504] sd 2:0:1:0: [sdb] Attached SCSI disk
[   11.588201] sd 2:0:0:0: [sda] Incomplete mode parameter data
[   11.590801] sd 2:0:0:0: [sda] Assuming drive cache: write through
[   11.600921]  sda: sda1
[   11.603336] sd 2:0:0:0: [sda] Attached SCSI disk
Begin: Loading e[   12.931184] md: linear personality registered for level -1
ssential drivers[   12.974156] md: multipath personality registered for level -4
 ... [   13.019286] md: raid0 personality registered for level 0
[   13.024198] md: raid1 personality registered for level 1
[   13.110711] raid6: sse2x1   gen() 13482 MB/s
[   13.222235] raid6: sse2x1   xor() 10149 MB/s
[   13.314383] raid6: sse2x2   gen() 16473 MB/s
[   13.414203] raid6: sse2x2   xor() 11415 MB/s
[   13.522215] raid6: sse2x4   gen() 18890 MB/s
[   13.602354] raid6: sse2x4   xor() 12922 MB/s
[   13.682253] raid6: avx2x1   gen() 26565 MB/s
[   13.782296] raid6: avx2x2   gen() 21923 MB/s
[   13.850170] raid6: avx2x4   gen() 19500 MB/s
[   13.851381] raid6: using algorithm avx2x1 gen() 26565 MB/s
[   13.856969] raid6: using avx2x2 recovery algorithm
[   13.859436] xor: automatically using best checksumming function:
[   13.902768]    avx       : 51826.000 MB/sec
[   13.924708] async_tx: api initialized (async)
[   13.935214] md: raid6 personality registered for level 6
[   13.951746] md: raid5 personality registered for level 5
[   13.956549] md: raid4 personality registered for level 4
[   13.965748] md: raid10 personality registered for level 10
done.
Begin: Running /scripts/init-p[   14.043101] Btrfs loaded
remount ... done.
Begin: Mounting root file system ... Begin: Running /scripts/local-top ... done.
Begin: Running /scripts/local-premount ... Scanning for Btrfs filesystems
done.
Warning: fsck no[   14.099958] EXT4-fs (sda1): mounted filesystem with ordered data mode. Opts: (null)
t present, so skipping root file system
done.
Begin: Running /scripts/local-bottom ... done.
Begin: Running /scripts/init-bottom ... done.
[   14.440394] systemd[1]: systemd 229 running in system mode. (+PAM +AUDIT +SELINUX +IMA +APPARMOR +SMACK +SYSVINIT +UTMP +LIBCRYPTSETUP +GCRYPT +GNUTLS +ACL +XZ -LZ4 +SECCOMP +BLKID +ELFUTILS +KMOD -IDN)
[   14.518611] systemd[1]: Detected virtualization oracle.
[   14.519965] systemd[1]: Detected architecture x86-64.

Welcome to [1mUbuntu 16.04.6 LTS[0m!

[   14.581098] systemd[1]: Set hostname to <ubuntu-xenial>.
[   14.874611] systemd[1]: Started Trigger resolvconf update for networkd DNS.
[[0;32m  OK  [0m] Started Trigger resolvconf update for networkd DNS.
[   14.894700] systemd[1]: Reached target System Time Synchronized.
[[0;32m  OK  [0m] Reached target System Time Synchronized.
[   14.906616] systemd[1]: Listening on Journal Socket.
[[0;32m  OK  [0m] Listening on Journal Socket.
[   14.912385] systemd[1]: Created slice System Slice.
[[0;32m  OK  [0m] Created slice System Slice.
[   14.930278] systemd[1]: Mounting POSIX Message Queue File System...
[   14.931865] random: nonblocking pool is initialized
         Mounting POSIX Message Queue File System...
[   14.947700] systemd[1]: Created slice system-serial\x2dgetty.slice.
[[0;32m  OK  [0m] Created slice system-serial\x2dgetty.slice.
[   14.963874] systemd[1]: Starting Uncomplicated firewall...
         Starting Uncomplicated firewall...
[   14.999021] systemd[1]: Started Forward Password Requests to Wall Directory Watch.
[[0;32m  OK  [0m] Started Forward Password Requests to Wall Directory Watch.
[   15.111168] systemd[1]: Listening on LVM2 poll daemon socket.
[[0;32m  OK  [0m] Listening on LVM2 poll daemon socket.
[   15.175302] systemd[1]: Starting Nameserver information manager...
         Starting Nameserver information manager...
[   15.200014] systemd[1]: Starting Remount Root and Kernel File Systems...
         Startin[   15.210670] EXT4-fs (sda1): re-mounted. Opts: (null)
g Remount Root and Kernel File Systems...
[   15.247698] systemd[1]: Listening on udev Kernel Socket.
[[0;32m  OK  [0m] Listening on udev Kernel Socket.
[   15.299085] systemd[1]: Starting Create list of required static device nodes for the current kernel...
         Starting Create list of required st... nodes for the current kernel...
[   15.381856] systemd[1]: Reached target Swap.
[[0;32m  OK  [0m] Reached target Swap.
[   15.428558] systemd[1]: Created slice User and Session Slice.
[[0;32m  OK  [0m] Created slice User and Session Slice.
[   15.511349] systemd[1]: Listening on Syslog Socket.
[[0;32m  OK  [0m] Listening on Syslog Socket.
[   15.547265] systemd[1]: Listening on /dev/initctl Compatibility Named Pipe.
[[0;32m  OK  [0m] Listening on /dev/initctl Compatibility Named Pipe.
[   15.610906] systemd[1]: Set up automount Arbitrary Executable File Formats File System Automount Point.
[[0;32m  OK  [0m] Set up automount Arbitrary Executab...ats File System Automount Point.
[   15.721853] systemd[1]: Listening on Journal Socket (/dev/log).
[[0;32m  OK  [0m] Listening on Journal Socket (/dev/log).
[   15.754862] systemd[1]: Starting Set console keymap...
         Starting Set console keymap...
[   15.760840] systemd[1]: Listening on Device-mapper event daemon FIFOs.
[[0;32m  OK  [0m] Listening on Device-mapper event daemon FIFOs.
[   15.767662] systemd[1]: Mounting Debug File System...
         Mounting Debug File System...
[   15.776584] systemd[1]: Listening on LVM2 metadata daemon socket.
[[0;32m  OK  [0m] Listening on LVM2 metadata daemon socket.
[   15.780376] systemd[1]: Starting Monitoring of LVM2 mirrors, snapshots etc. using dmeventd or progress polling...
         Starting Monitoring of LVM2 mirrors... dmeventd or progress polling...
[   15.802300] systemd[1]: Listening on Journal Audit Socket.
[[0;32m  OK  [0m] Listening on Journal Audit Socket.
[   15.839195] systemd[1]: Starting Journal Service...
         Starting Journal Service...
[   15.902110] systemd[1]: Listening on udev Control Socket.
[[0;32m  OK  [0m] Listening on udev Control Socket.
[   15.919329] systemd[1]: Reached target Slices.
[[0;32m  OK  [0m] Reached target Slices.
[   15.962847] systemd[1]: Mounting Huge Pages File System...
         Mounting Huge Pages File System...
[   15.966492] systemd[1]: Reached target User and Group Name Lookups.
[[0;32m  OK  [0m] Reached target User and Group Name Lookups.
[   15.987427] systemd[1]: Reached target Encrypted Volumes.
[[0;32m  OK  [0m] Reached target Encrypted Volumes.
[   16.010527] systemd[1]: Starting Load Kernel Modules...
         Starting Load Kernel Modules...
[   16.018116] systemd[1]: Mounted POSIX Message Queue File System.
[[0;32m  OK  [0m] Mounted POSIX Message Queue File System.
[   16.043466] systemd[1]: Mounted Debug File System.
[[0;32m  OK  [0m] Mounted Debug File System.
[   16.053089] systemd[1]: Mounted Huge Pages File System.
[[0;32m  OK  [0[   16.060828] Loading iSCSI transport class v2.0-870.
m] Mounted Huge Pages File System.
[   16.072819] systemd[1]: Started Journal Service.
[[0;32m  OK  [0m] Started Journal Service.
[   16.088662] iscsi: registered transport (tcp)
[[0;32m  OK  [0m] Started Uncomplicated firewall.
[[0;32m  OK  [0[   16.143704] iscsi: registered transport (iser)
m] Started Remount Root and Kernel File Systems.
[[0;32m  OK  [0m] Started Create list of required sta...ce nodes for the current kernel.
[[0;32m  OK  [0m] Started Set console keymap.
[[0;32m  OK  [0m] Started Load Kernel Modules.
[[0;32m  OK  [0m] Started Nameserver information manager.
[[0;32m  OK  [0m] Started LVM2 metadata daemon.
         Mounting FUSE Control File System...
         Starting Apply Kernel Variables...
         Starting Create Static Device Nodes in /dev...
         Starting Load/Save Random Seed...
         Starting udev Coldplug all Devices...
         Starting Flush Journal to Persistent Storage...
[[0;32m  OK  [0m] Mounted FUSE Control File System.
[[0;32m  OK  [0m] Started Monitoring of LVM2 mirrors,...ng dmeventd or progress polling.
[[0;32m  OK  [0m] Started Apply Kernel Variables.
[[0;32m  OK  [0m] Started Create Static Device Nodes in /dev.
[[0;32m  OK  [0m] Started Load/Save Random Seed.
[[0;32m  OK  [0m] Started Flush Journal to Persistent Storage.
[[0;32m  OK  [0m] Started udev Coldplug all Devices.
         Starting udev Kernel Device Manager...
[[0;32m  OK  [0m] Reached target Local File Systems (Pre).
[[0;32m  OK  [0m] Reached target Local File Systems.
         Starting Tell Plymouth To Write Out Runtime Data...
         Starting LSB: AppArmor initialization...
         Starting Create Volatile Files and Directories...
         Starting Set console font and keymap...
         Starting Initial cloud-init job (pre-networking)...
[[0;32m  OK  [0m] Started Tell Plymouth To Write Out Runtime Data.
[[0;32m  OK  [0m] Started Create Volatile Files and Directories.
         Starting Update UTMP about System Boot/Shutdown...
[[0;32m  OK  [0m] Started udev Kernel Device Manager.
[[0;32m  OK  [0m] Started Update UTMP about System Boot/Shutdown.
[[0;32m  OK  [0m] Started Dispatch Password Requests to Console Directory Watch.
[[0;32m  OK  [0m] Found device /dev/ttyS0.
[[0;32m  OK  [0m] Listening on Load/Save RF Kill Switch Status /dev/rfkill Watch.
[[0;32m  OK  [0m] Found device 82540EM Gigabit Ethern...r (PRO/1000 MT Desktop Adapter).
[[0;32m  OK  [0m] Started LSB: AppArmor initialization.
[[0;32m  OK  [0m] Started Set console font and keymap.
[[0;32m  OK  [0m] Created slice system-getty.slice.
[   14.797655] cloud-init[477]: Cloud-init v. 19.1-1-gbaa47854-0ubuntu1~16.04.1 running 'init-local' at Thu, 25 Jul 2019 00:20:28 +0000. Up 14.51 seconds.
[[0;32m  OK  [0m] Started Initial cloud-init job (pre-networking).
[[0;32m  OK  [0m] Reached target Network (Pre).
         Starting Raise network interfaces...
[[0;32m  OK  [0m] Started ifup for enp0s3.
[[0;1;31mFAILED[0m] Failed to start Raise network interfaces.
See 'systemctl status networking.service' for details.
[[0;32m  OK  [0m] Reached target Network.
         Starting Initial cloud-init job (metadata service crawler)...
[   15.799407] cloud-init[1000]: Cloud-init v. 19.1-1-gbaa47854-0ubuntu1~16.04.1 running 'init' at Thu, 25 Jul 2019 00:20:29 +0000. Up 15.45 seconds.
[   15.803307] cloud-init[1000]: ci-info: ++++++++++++++++++++++++++++++++++++++Net device info++++++++++++++++++++++++++++++++++++++
[   15.806516] cloud-init[1000]: ci-info: +--------+------+----------------------------+---------------+--------+-------------------+
[   15.809560] cloud-init[1000]: ci-info: | Device |  Up  |          Address           |      Mask     | Scope  |     Hw-Address    |
[   15.812639] cloud-init[1000]: ci-info: +--------+------+----------------------------+---------------+--------+-------------------+
[   15.815290] cloud-init[1000]: ci-info: | enp0s3 | True |         10.0.2.15          | 255.255.255.0 | global | 02:cf:25:3b:33:74 |
[   15.817952] cloud-init[1000]: ci-info: | enp0s3 | True | fe80::cf:25ff:fe3b:3374/64 |       .       |  link  | 02:cf:25:3b:33:74 |
[   15.820600] cloud-init[1000]: ci-info: |   lo   | True |         127.0.0.1          |   255.0.0.0   |  host  |         .         |
[   15.823239] cloud-init[1000]: ci-info: |   lo   | True |          ::1/128           |       .       |  host  |         .         |
[   15.825867] cloud-init[1000]: ci-info: +--------+------+----------------------------+---------------+--------+-------------------+
[   15.842197] cloud-init[1000]: ci-info: +++++++++++++++++++++++++++Route IPv4 info++++++++++++++++++++++++++++
[   15.846887] cloud-init[1000]: ci-info: +-------+-------------+----------+---------------+-----------+-------+
[   15.850453] cloud-init[1000]: ci-info: | Route | Destination | Gateway  |    Genmask    | Interface | Flags |
[   15.852803] cloud-init[1000]: ci-info: +-------+-------------+----------+---------------+-----------+-------+
[   15.855396] cloud-init[1000]: ci-info: |   0   |   0.0.0.0   | 10.0.2.2 |    0.0.0.0    |   enp0s3  |   UG  |
[   15.863705] cloud-init[1000]: ci-info: |   1   |   10.0.2.0  | 0.0.0.0  | 255.255.255.0 |   enp0s3  |   U   |
[   15.920788] cloud-init[1000]: ci-info: +-------+-------------+----------+---------------+-----------+-------+
[   15.921371] cloud-init[1000]: ci-info: +++++++++++++++++++Route IPv6 info+++++++++++++++++++
[   15.921778] cloud-init[1000]: ci-info: +-------+-------------+---------+-----------+-------+
[   15.922038] cloud-init[1000]: ci-info: | Route | Destination | Gateway | Interface | Flags |
[   15.922302] cloud-init[1000]: ci-info: +-------+-------------+---------+-----------+-------+
[   15.922627] cloud-init[1000]: ci-info: |   0   |  fe80::/64  |    ::   |   enp0s3  |   U   |
[   15.922884] cloud-init[1000]: ci-info: |   3   |   ff00::/8  |    ::   |   enp0s3  |   U   |
[   15.923156] cloud-init[1000]: ci-info: +-------+-------------+---------+-----------+-------+
[[0;32m  OK  [0m] Started Initial cloud-init job (metadata service crawler).
[[0;32m  OK  [0m] Reached target Network is Online.
         Starting iSCSI initiator daemon (iscsid)...
[[0;32m  OK  [0m] Reached target System Initialization.
[[0;32m  OK  [0m] Listening on D-Bus System Message Bus Socket.
         Starting Socket activation for snappy daemon.
[[0;32m  OK  [0m] Listening on UUID daemon activation socket.
[[0;32m  OK  [0m] Listening on ACPID Listen Socket.
[[0;32m  OK  [0m] Started Daily apt download activities.
[[0;32m  OK  [0m] Started Daily apt upgrade and clean activities.
         Starting LXD - unix socket.
[[0;32m  OK  [0m] Started Daily Cleanup of Temporary Directories.
[[0;32m  OK  [0m] Reached target Timers.
[[0;32m  OK  [0m] Started ACPI Events Check.
[[0;32m  OK  [0m] Reached target Paths.
[[0;32m  OK  [0m] Reached target Cloud-config availability.
[[0;32m  OK  [0m] Listening on Socket activation for snappy daemon.
[[0;32m  OK  [0m] Listening on LXD - unix socket.
[[0;32m  OK  [0m] Started iSCSI initiator daemon (iscsid).
         Starting Login to default iSCSI targets...
[[0;32m  OK  [0m] Reached target Sockets.
[[0;32m  OK  [0m] Reached target Basic System.
         Starting LSB: MD monitoring daemon...
[[0;32m  OK  [0m] Started ACPI event daemon.
[[0;32m  OK  [0m] Started Regular background program processing daemon.
         Starting System Logging Service...
         Starting A high performance web server and a reverse proxy server...
[[0;32m  OK  [0m] Started D-Bus System Message Bus.
[[0;32m  OK  [0m] Started FUSE filesystem for LXC.
         Starting Login Service...
         Starting LSB: Record successful boot for GRUB...
         Starting LXD - container startup/shutdown...
         Starting Accounts Service...
         Starting OpenBSD Secure Shell server...
[[0;32m  OK  [0m] Started Deferred execution scheduler.
         Starting /etc/rc.local Compatibility...
         Starting Snappy daemon...
         Starting Virtualbox guest utils...
[[0;32m  OK  [0m] Started System Logging Service.
[[0;32m  OK  [0m] Started /etc/rc.local Compatibility.
[[0;32m  OK  [0m] Started Login Service.
[[0;32m  OK  [0m] Started Unattended Upgrades Shutdown.
[[0;32m  OK  [0m] Started LSB: Record successful boot for GRUB.
[[0;32m  OK  [0m] Started LSB: MD monitoring daemon.
[[0;32m  OK  [0m] Started Login to default iSCSI targets.
[[0;32m  OK  [0m] Reached target Remote File Systems (Pre).
[[0;32m  OK  [0m] Reached target Remote File Systems.
         Starting LSB: Set the CPU Frequency Scaling governor to "ondemand"...
         Starting LSB: daemon to balance interrupts for SMP systems...
         Starting Permit User Sessions...
         Starting LSB: automatic crash report generation...
[[0;32m  OK  [0m] Started Permit User Sessions.
[[0;32m  OK  [0m] Started LSB: Set the CPU Frequency Scaling governor to "ondemand".
[[0;32m  OK  [0m] Started A high performance web server and a reverse proxy server.
[[0;32m  OK  [0m] Started OpenBSD Secure Shell server.
         Starting Terminate Plymouth Boot Screen...
         Starting Hold until boot process finishes up...
[[0;32m  OK  [0m] Started LSB: daemon to balance interrupts for SMP systems.
[[0;32m  OK  [0m] Started Hold until boot process finishes up.
[[0;32m  OK  [0m] Started Terminate Plymouth Boot Screen.
[[0;32m  OK  [0m] Started Virtualbox guest utils.
         Starting Authenticate and Authorize Users to Run Privileged Tasks...
[[0;32m  OK  [0m] Started Getty on tty1.
         Starting Set console scheme...
[[0;32m  OK  [0m] Started Serial Getty on ttyS0.
[[0;32m  OK  [0m] Reached target Login Prompts.
[[0;32m  OK  [0m] Started LSB: automatic crash report generation.
[[0;32m  OK  [0m] Started Set console scheme.
[[0;32m  OK  [0m] Started Authenticate and Authorize Users to Run Privileged Tasks.
[[0;32m  OK  [0m] Started Accounts Service.
[[0;32m  OK  [0m] Started LXD - container startup/shutdown.
[[0;32m  OK  [0m] Started Snappy daemon.
         Starting Wait until snapd is fully seeded...
[[0;32m  OK  [0m] Started Wait until snapd is fully seeded.
         Starting Apply the settings specified in cloud-config...
[[0;32m  OK  [0m] Reached target Multi-User System.
[[0;32m  OK  [0m] Reached target Graphical Interface.
         Starting Update UTMP about System Runlevel Changes...
[[0;32m  OK  [0m] Started Update UTMP about System Runlevel Changes.
[   18.671091] cloud-init[1262]: Cloud-init v. 19.1-1-gbaa47854-0ubuntu1~16.04.1 running 'modules:config' at Thu, 25 Jul 2019 00:20:32 +0000. Up 18.58 seconds.
[[0;32m  OK  [0m] Started Apply the settings specified in cloud-config.
         Starting Execute cloud user/final scripts...
[   19.081577] cloud-init[1275]: Cloud-init v. 19.1-1-gbaa47854-0ubuntu1~16.04.1 running 'modules:final' at Thu, 25 Jul 2019 00:20:32 +0000. Up 18.99 seconds.
[   19.115691] [[0;32m  OK  [0m] Started Execute cloud user/final scripts.
[[0;32m  OK  [0m] Reached target Cloud-init target.
cloud-init[1275]: Cloud-init v. 19.1-1-gbaa47854-0ubuntu1~16.04.1 finished at Thu, 25 Jul 2019 00:20:32 +0000. Datasource DataSourceNoCloud [seed=/dev/sdb][dsmode=net].  Up 19.07 seconds

Ubuntu 16.04.6 LTS ubuntu-xenial ttyS0

ubuntu-xenial login: [[0;32m  OK  [0m] Stopped target Cloud-init target.
         Stopping User Manager for UID 10         Stopping Session 2 of user vagrant.
         Stopping LSB: daemon to balance interrupts for SMP systems...
         Stopping A high performance web server and a reverse proxy server...
         Stopping D-Bus System Message Bus...
[[0;32m  OK  [0m] Stopped Daily Cleanup of Temporary Directories.
[[0;32m  OK  [0m] Unmounted /var/lib/lxcfs.
[[0;32m  OK  [0m] Stopped ACPI event daemon.
[[0;32m  OK  [0m] Stopped Regular background program processing daemon.
[[0;32m  OK  [0m] Stopped System Logging Service.
[[0;32m  OK  [0m] Stopped Accounts Service.
[[0;32m  OK  [0m] Stopped Deferred execution scheduler.
[[0;32m  OK  [0m] Stopped Unattended Upgrades Shutdown.
[[0;32m  OK  [0m] Stopped OpenBSD Secure Shell server.
[[0;32m  OK  [0m] Stopped Authenticate and Authorize Users to Run Privileged Tasks.
[[0;32m  OK  [0m] Stopped Getty on tty1.
[[0;32m  OK  [0m] Stopped Serial Getty on ttyS0.
[[0;32m  OK  [0m] Stopped User Manager for UID 1000.
[[0;32m  OK  [0m] Stopped Session 2 of user vagrant.
[[0;32m  OK  [0m] Stopped D-Bus System Message Bus.
[[0;32m  OK  [0m] Stopped FUSE filesystem for LXC.
[[0;32m  OK  [0m] Stopped A high performance web server and a reverse proxy server.
[[0;32m  OK  [0m] Stopped LSB: Record successful boot for GRUB.
[[0;32m  OK  [0m] Stopped LSB: MD monitoring daemon.
[[0;32m  OK  [0m] Stopped LXD - container startup/shutdown.
[[0;32m  OK  [0m] Stopped LSB: Set the CPU Frequency Scaling governor to "ondemand".
[[0;32m  OK  [0m] Stopped LSB: automatic crash report generation.
[[0;32m  OK  [0m] Stopped LSB: daemon to balance interrupts for SMP systems.
[[0;32m  OK  [0m] Stopped Virtualbox guest utils.
[[0;32m  OK  [0m] Removed slice User Slice of vagrant.
[[0;32m  OK  [0m] Removed slice system-serial\x2dgetty.slice.
[[0;32m  OK  [0m] Removed slice system-getty.slice.
         Stopping Permit User Sessions...
[[0;32m  OK  [0m] Stopped /etc/rc.local Compatibility.
         Stopping Login Service...
[[0;32m  OK  [0m] Stopped Permit User Sessions.
[[0;32m  OK  [0m] Stopped Login Service.
[[0;32m  OK  [0m] Stopped target Remote File Systems.
[[0;32m  OK  [0m] Stopped target Remote File Systems (Pre).
         Stopping Login to default iSCSI targets...
[[0;32m  OK  [0m] Stopped target Basic System.
[[0;32m  OK  [0m] Stopped target Slices.
[[0;32m  OK  [0m] Removed slice User and Session Slice.
[[0;32m  OK  [0m] Stopped target Sockets.
[[0;32m  OK  [0m] Closed Socket activation for snappy daemon.
[[0;32m  OK  [0m] Closed LXD - unix socket.
[[0;32m  OK  [0m] Closed D-Bus System Message Bus Socket.
[[0;32m  OK  [0m] Closed Syslog Socket.
[[0;32m  OK  [0m] Closed UUID daemon activation socket.
[[0;32m  OK  [0m] Closed ACPID Listen Socket.
[[0;32m  OK  [0m] Stopped target Paths.
[[0;32m  OK  [0m] Stopped Forward Password Requests to Wall Directory Watch.
[[0;32m  OK  [0m] Stopped ACPI Events Check.
[[0;32m  OK  [0m] Stopped Dispatch Password Requests to Console Directory Watch.
[[0;32m  OK  [0m] Stopped target System Initialization.
[[0;32m  OK  [0m] Stopped target Swap.
         Stopping Load/Save Random Seed...
[[0;32m  OK  [0m] Stopped Apply Kernel Variables.
[[0;32m  OK  [0m] Stopped target Encrypted Volumes.
[[0;32m  OK  [0m] Stopped Load Kernel Modules.
         Stopping Update UTMP about System Boot/Shutdown...
[[0;32m  OK  [0m] Stopped target User and Group Name Lookups.
[[0;32m  OK  [0m] Stopped Load/Save Random Seed.
[[0;32m  OK  [0m] Stopped Update UTMP about System Boot/Shutdown.
[[0;32m  OK  [0m] Stopped Login to default iSCSI targets.
         Stopping iSCSI initiator daemon (iscsid)...
[[0;32m  OK  [0m] Stopped Create Volatile Files and Directories.
[[0;32m  OK  [0m] Stopped target Local File Systems.
         Unmounting /run/user/1000...
         Unmounting /vagrant...
[[0;32m  OK  [0m] Stopped iSCSI initiator daemon (iscsid).
[[0;32m  OK  [0m] Unmounted /run/user/1000.
[[0;32m  OK  [0m] Unmounted /vagrant.
[[0;32m  OK  [0m] Reached target Unmount All Filesystems.
[[0;32m  OK  [0m] Stopped target Local File Systems (Pre).
         Stopping Monitoring of LVM2 mirrors... dmeventd or progress polling...
[[0;32m  OK  [0m] Stopped Create Static Device Nodes in /dev.
[[0;32m  OK  [0m] Stopped target Network is Online.
[[0;32m  OK  [0m] Stopped Initial cloud-init job (metadata service crawler).
[[0;32m  OK  [0m] Stopped target Network.
[[0;32m  OK  [0m] Stopped target Network (Pre).
[[0;32m  OK  [0m] Stopped Initial cloud-init job (pre-networking).
[[0;32m  OK  [0m] Stopped Remount Root and Kernel File Systems.
[[0;32m  OK  [0m] Reached target Shutdown.
[ 2507.82619] reboot: Power down

